Run counter: 0
MATRIX SIZE: 2 x 3

Error: config file not found. Using default values

Runtime: 10, Log frequency: 1, Thread nr: 4, Table size: 16384, Matrix size: row-2, column-3, size-6, Matrix value between: 10 - 99, Memory delta: 10000000 
, Tree limit: 10 

RUNNING


STOPPED
-------------------------------------------------------------------
MATRIX SIZE: 3 x 3

Error: config file not found. Using default values

Runtime: 10, Log frequency: 1, Thread nr: 4, Table size: 16384, Matrix size: row-3, column-3, size-9, Matrix value between: 10 - 99, Memory delta: 10000000 
, Tree limit: 10 

RUNNING


STOPPED
-------------------------------------------------------------------
MATRIX SIZE: 4 x 3

Error: config file not found. Using default values

Runtime: 10, Log frequency: 1, Thread nr: 4, Table size: 16384, Matrix size: row-4, column-3, size-12, Matrix value between: 10 - 99, Memory delta: 10000000 
, Tree limit: 10 

RUNNING


STOPPED
-------------------------------------------------------------------
MATRIX SIZE: 5 x 3

Error: config file not found. Using default values

Runtime: 10, Log frequency: 1, Thread nr: 4, Table size: 16384, Matrix size: row-5, column-3, size-15, Matrix value between: 10 - 99, Memory delta: 10000000 
, Tree limit: 10 

RUNNING


STOPPED
-------------------------------------------------------------------
Last run counter: 8
